<?xml version="1.0" encoding="UTF-8"?>
<!-- Generated by org.testng.reporters.JUnitReportReporter -->
<testsuite hostname="DESKTOP-ORE2PQQ" failures="0" tests="1" name="testNG_test.Vtiger_testNG_orginization" time="8.277" errors="0" timestamp="2025-03-26T13:02:32 IST" skipped="0">
  <testcase classname="testNG_test.Vtiger_testNG_orginization" name="createorgtest" time="8.277"/>
  <system-out/>
</testsuite> <!-- testNG_test.Vtiger_testNG_orginization -->
