<?xml version="1.0" encoding="UTF-8"?>
<!-- Generated by org.testng.reporters.JUnitReportReporter -->
<testsuite hostname="DESKTOP-ORE2PQQ" failures="0" tests="3" name="ExtentReport.SampleReportTest" time="5.638" errors="0" timestamp="2025-03-28T10:59:23 IST" skipped="0">
  <testcase classname="ExtentReport.SampleReportTest" name="CreateContactWithPhNumberTest" time="0.009"/>
  <system-out/>
  <testcase classname="ExtentReport.SampleReportTest" name="CreateContactTest" time="5.626"/>
  <system-out/>
  <testcase classname="ExtentReport.SampleReportTest" name="CreateContactWithORGTest" time="0.003"/>
  <system-out/>
</testsuite> <!-- ExtentReport.SampleReportTest -->
