<?xml version="1.0" encoding="UTF-8"?>
<!-- Generated by org.testng.reporters.JUnitReportReporter -->
<testsuite hostname="DESKTOP-ORE2PQQ" failures="0" tests="3" name="testNG_test.Vtiger_testNg_contact" time="23.344" errors="0" timestamp="2025-03-26T12:20:43 IST" skipped="0">
  <testcase classname="testNG_test.Vtiger_testNg_contact" name="createcontactwithSupportDatetest" time="5.006"/>
  <system-out/>
  <testcase classname="testNG_test.Vtiger_testNg_contact" name="createcontacttest" time="8.031"/>
  <system-out/>
  <testcase classname="testNG_test.Vtiger_testNg_contact" name="createcontactwithORGtest" time="10.307"/>
  <system-out/>
</testsuite> <!-- testNG_test.Vtiger_testNg_contact -->
